<?xml version="1.0" encoding="UTF-8"?>
<!-- Generated by org.testng.reporters.JUnitXMLReporter -->
<testsuite ignored="0" hostname="DESKTOP-G82DJC0" failures="0" tests="6" name="Default test" time="63.51" errors="0" timestamp="2022-09-12T03:15:46 IST">
  <testcase classname="listeners.practic" name="verify_with_no_solution" time="13.644"/>
  <testcase classname="listeners.practic" name="verify_with_mobile" time="11.018"/>
  <testcase classname="listeners.practic" name="verify_with_mail" time="8.179"/>
  <testcase classname="listeners.practic" name="verify_with_fullname" time="10.84"/>
  <testcase classname="listeners.practic" name="verify_with_company" time="9.958"/>
  <testcase classname="listeners.practic" name="verify_with_solution" time="9.786"/>
</testsuite> <!-- Default test -->
